<?xml version="1.0" encoding="UTF-8"?>
<testng-results skipped="0" failed="0" ignored="0" total="1" passed="1">
  <reporter-output>
  </reporter-output>
  <suite name="Suite" duration-ms="10169" started-at="2023-01-25T12:43:50 IST" finished-at="2023-01-25T12:44:00 IST">
    <groups>
    </groups>
    <test name="Test" duration-ms="10169" started-at="2023-01-25T12:43:50 IST" finished-at="2023-01-25T12:44:00 IST">
      <class name="com.inetBanking.testcases.TC_LoginTest_001">
        <test-method status="PASS" signature="setup()[pri:0, instance:com.inetBanking.testcases.TC_LoginTest_001@5ce81285]" name="setup" is-config="true" duration-ms="7337" started-at="2023-01-25T12:43:50 IST" finished-at="2023-01-25T12:43:57 IST">
          <reporter-output>
          </reporter-output>
        </test-method> <!-- setup -->
        <test-method status="PASS" signature="loginTest()[pri:0, instance:com.inetBanking.testcases.TC_LoginTest_001@5ce81285]" name="loginTest" duration-ms="2008" started-at="2023-01-25T12:43:57 IST" finished-at="2023-01-25T12:43:59 IST">
          <reporter-output>
          </reporter-output>
        </test-method> <!-- loginTest -->
        <test-method status="PASS" signature="tearDown()[pri:0, instance:com.inetBanking.testcases.TC_LoginTest_001@5ce81285]" name="tearDown" is-config="true" duration-ms="765" started-at="2023-01-25T12:43:59 IST" finished-at="2023-01-25T12:44:00 IST">
          <reporter-output>
          </reporter-output>
        </test-method> <!-- tearDown -->
      </class> <!-- com.inetBanking.testcases.TC_LoginTest_001 -->
    </test> <!-- Test -->
  </suite> <!-- Suite -->
</testng-results>
