<?xml version="1.0" encoding="UTF-8"?>
<testng-results ignored="0" total="1" passed="1" failed="0" skipped="0">
  <reporter-output>
  </reporter-output>
  <suite started-at="2023-01-25T12:15:03 IST" name="Default suite" finished-at="2023-01-25T12:15:18 IST" duration-ms="14626">
    <groups>
    </groups>
    <test started-at="2023-01-25T12:15:03 IST" name="Default test" finished-at="2023-01-25T12:15:18 IST" duration-ms="14626">
      <class name="com.inetBanking.testcases.TC_LoginTest_001">
        <test-method is-config="true" signature="setup()[pri:0, instance:com.inetBanking.testcases.TC_LoginTest_001@428640fa]" started-at="2023-01-25T12:15:03 IST" name="setup" finished-at="2023-01-25T12:15:15 IST" duration-ms="11658" status="PASS">
          <reporter-output>
          </reporter-output>
        </test-method> <!-- setup -->
        <test-method signature="loginTest()[pri:0, instance:com.inetBanking.testcases.TC_LoginTest_001@428640fa]" started-at="2023-01-25T12:15:15 IST" name="loginTest" finished-at="2023-01-25T12:15:17 IST" duration-ms="2529" status="PASS">
          <reporter-output>
          </reporter-output>
        </test-method> <!-- loginTest -->
        <test-method is-config="true" signature="tearDown()[pri:0, instance:com.inetBanking.testcases.TC_LoginTest_001@428640fa]" started-at="2023-01-25T12:15:17 IST" name="tearDown" finished-at="2023-01-25T12:15:18 IST" duration-ms="373" status="PASS">
          <reporter-output>
          </reporter-output>
        </test-method> <!-- tearDown -->
      </class> <!-- com.inetBanking.testcases.TC_LoginTest_001 -->
    </test> <!-- Default test -->
  </suite> <!-- Default suite -->
</testng-results>
